0 info it worked if it ends with ok
1 verbose cli [ '/usr/local/bin/node',
1 verbose cli   '/usr/local/bin/npm',
1 verbose cli   'install',
1 verbose cli   'cordova-plugin-code-push' ]
2 info using npm@2.15.0
3 info using node@v4.4.2
4 verbose install initial load of /Users/scottbommarito/cordova-plugin-code-push/package.json
5 warn package.json cordova-plugin-code-push@1.6.0-beta license should be a valid SPDX license expression
6 verbose installManyTop reading scoped package data from /Users/scottbommarito/cordova-plugin-code-push/node_modules/archiver/package.json
7 verbose installManyTop reading scoped package data from /Users/scottbommarito/cordova-plugin-code-push/node_modules/body-parser/package.json
8 verbose installManyTop reading scoped package data from /Users/scottbommarito/cordova-plugin-code-push/node_modules/code-push/package.json
9 verbose installManyTop reading scoped package data from /Users/scottbommarito/cordova-plugin-code-push/node_modules/cordova/package.json
10 verbose installManyTop reading scoped package data from /Users/scottbommarito/cordova-plugin-code-push/node_modules/cordova-plugin-device/package.json
11 verbose installManyTop reading scoped package data from /Users/scottbommarito/cordova-plugin-code-push/node_modules/cordova-plugin-dialogs/package.json
12 verbose installManyTop reading scoped package data from /Users/scottbommarito/cordova-plugin-code-push/node_modules/cordova-plugin-file/package.json
13 verbose installManyTop reading scoped package data from /Users/scottbommarito/cordova-plugin-code-push/node_modules/cordova-plugin-file-transfer/package.json
14 verbose installManyTop reading scoped package data from /Users/scottbommarito/cordova-plugin-code-push/node_modules/cordova-plugin-zip/package.json
15 verbose installManyTop reading scoped package data from /Users/scottbommarito/cordova-plugin-code-push/node_modules/del/package.json
16 verbose installManyTop reading scoped package data from /Users/scottbommarito/cordova-plugin-code-push/node_modules/express/package.json
17 verbose installManyTop reading scoped package data from /Users/scottbommarito/cordova-plugin-code-push/node_modules/gulp/package.json
18 verbose installManyTop reading scoped package data from /Users/scottbommarito/cordova-plugin-code-push/node_modules/gulp-insert/package.json
19 verbose installManyTop reading scoped package data from /Users/scottbommarito/cordova-plugin-code-push/node_modules/gulp-tslint/package.json
20 verbose installManyTop reading scoped package data from /Users/scottbommarito/cordova-plugin-code-push/node_modules/gulp-typescript/package.json
21 verbose installManyTop reading scoped package data from /Users/scottbommarito/cordova-plugin-code-push/node_modules/mkdirp/package.json
22 verbose installManyTop reading scoped package data from /Users/scottbommarito/cordova-plugin-code-push/node_modules/node-debug/package.json
23 verbose installManyTop reading scoped package data from /Users/scottbommarito/cordova-plugin-code-push/node_modules/node-debug-osx/package.json
24 verbose installManyTop reading scoped package data from /Users/scottbommarito/cordova-plugin-code-push/node_modules/node-inspector/package.json
25 verbose installManyTop reading scoped package data from /Users/scottbommarito/cordova-plugin-code-push/node_modules/q/package.json
26 verbose installManyTop reading scoped package data from /Users/scottbommarito/cordova-plugin-code-push/node_modules/replace/package.json
27 verbose installManyTop reading scoped package data from /Users/scottbommarito/cordova-plugin-code-push/node_modules/run-sequence/package.json
28 verbose installManyTop reading scoped package data from /Users/scottbommarito/cordova-plugin-code-push/node_modules/tslint/package.json
29 verbose installManyTop reading scoped package data from /Users/scottbommarito/cordova-plugin-code-push/node_modules/typescript/package.json
30 info package.json cordova-plugin-device@1.1.1 license should be a valid SPDX license expression
31 info package.json cordova-plugin-file-transfer@1.5.0 license should be a valid SPDX license expression
32 info package.json cordova-plugin-dialogs@1.2.0 license should be a valid SPDX license expression
33 info package.json cordova-plugin-zip@3.1.0 license should be a valid SPDX license expression
34 info package.json q@1.4.1 license should be a valid SPDX license expression
35 info package.json node-debug-osx@0.0.1 No repository field.
36 info package.json node-debug-osx@0.0.1 No README data
37 info package.json node-inspector@0.12.8 No license field.
38 info package.json node-debug@0.1.0 license should be a valid SPDX license expression
39 verbose readDependencies loading dependencies from /Users/scottbommarito/cordova-plugin-code-push/package.json
40 warn install Refusing to install cordova-plugin-code-push as a dependency of itself
41 silly install resolved []
42 verbose validateInstall loading /Users/scottbommarito/cordova-plugin-code-push/package.json for validation
43 verbose stack Error: The package cordova-plugin-file@4.1.1 does not satisfy its siblings' peerDependencies requirements!
43 verbose stack     at /usr/local/lib/node_modules/npm/lib/install.js:125:32
43 verbose stack     at /usr/local/lib/node_modules/npm/lib/install.js:268:7
43 verbose stack     at /usr/local/lib/node_modules/npm/node_modules/read-installed/read-installed.js:142:5
43 verbose stack     at /usr/local/lib/node_modules/npm/node_modules/read-installed/read-installed.js:263:14
43 verbose stack     at cb (/usr/local/lib/node_modules/npm/node_modules/slide/lib/async-map.js:47:24)
43 verbose stack     at /usr/local/lib/node_modules/npm/node_modules/read-installed/read-installed.js:263:14
43 verbose stack     at cb (/usr/local/lib/node_modules/npm/node_modules/slide/lib/async-map.js:47:24)
43 verbose stack     at /usr/local/lib/node_modules/npm/node_modules/read-installed/read-installed.js:263:14
43 verbose stack     at cb (/usr/local/lib/node_modules/npm/node_modules/slide/lib/async-map.js:47:24)
43 verbose stack     at /usr/local/lib/node_modules/npm/node_modules/read-installed/read-installed.js:263:14
44 verbose cwd /Users/scottbommarito/cordova-plugin-code-push
45 error Darwin 15.4.0
46 error argv "/usr/local/bin/node" "/usr/local/bin/npm" "install" "cordova-plugin-code-push"
47 error node v4.4.2
48 error npm  v2.15.0
49 error code EPEERINVALID
50 error peerinvalid The package cordova-plugin-file@4.1.1 does not satisfy its siblings' peerDependencies requirements!
50 error peerinvalid Peer cordova-plugin-file-transfer@1.5.0 wants cordova-plugin-file@^3.0.0
51 verbose exit [ 1, true ]
